JvmtiExport can_access_local_variables 0
JvmtiExport can_hotswap_or_post_breakpoint 0
JvmtiExport can_post_on_exceptions 0
# 129 ciObject found
ciMethod java/lang/Object <init> ()V 4097 1 6227479 0 0
ciMethod java/nio/Buffer nextGetIndex ()I 1 1 12794 0 0
ciMethod java/nio/ByteBuffer get ()B 0 0 1 0 -1
ciMethod java/nio/HeapByteBuffer ix (I)I 705 1 192061 0 0
ciMethod java/nio/HeapByteBuffer get ()B 2065 1 6814 0 160
ciMethodData java/lang/Object <init> ()V 2 6227479 orig 264 8 110 221 97 0 0 0 0 128 4 151 21 0 0 0 0 32 1 0 0 0 0 0 0 0 0 0 0 0 0 0 0 0 0 0 0 0 0 0 0 0 0 0 0 0 0 0 0 0 0 0 0 0 0 0 0 0 0 0 0 0 0 0 0 0 0 0 0 0 0 0 0 0 0 0 0 0 0 0 0 77 68 79 32 101 120 116 114 97 32 100 97 116 97 32 108 111 99 107 0 0 0 0 0 0 0 0 0 0 0 0 0 0 0 0 0 0 0 0 0 0 0 0 0 0 0 0 0 0 0 0 0 0 0 0 0 0 0 0 0 0 0 0 0 0 0 0 0 0 0 0 0 0 0 0 0 0 0 0 0 0 0 0 0 0 0 0 0 0 0 0 0 0 0 0 0 0 0 0 0 0 0 0 0 1 0 0 0 0 0 0 0 1 0 0 0 0 0 0 0 1 0 0 0 0 0 0 0 0 0 0 0 0 0 0 0 0 2 0 0 185 32 248 2 1 0 0 0 0 0 0 0 0 0 0 0 2 0 0 0 0 0 3 0 1 0 0 0 0 0 0 0 255 255 255 255 0 0 0 0 0 0 0 0 data 0 oops 0
ciMethodData java/nio/HeapByteBuffer ix (I)I 2 192064 orig 264 8 110 221 97 0 0 0 0 40 51 172 21 0 0 0 0 40 1 0 0 0 0 0 0 0 0 0 0 0 0 0 0 0 0 0 0 0 0 0 0 0 0 0 0 0 0 0 0 0 0 0 0 0 0 0 0 0 0 0 0 0 0 0 0 0 0 0 0 0 0 0 0 0 0 0 0 0 0 0 0 77 68 79 32 101 120 116 114 97 32 100 97 116 97 32 108 111 99 107 0 0 0 0 0 0 0 0 0 0 0 0 0 0 0 0 0 0 0 0 0 0 0 0 0 0 0 0 0 0 0 0 0 0 0 0 0 0 0 0 0 0 0 0 0 0 0 0 0 0 0 0 0 0 0 0 0 0 0 0 0 0 0 0 0 0 0 0 0 0 0 0 0 0 0 0 0 0 0 0 0 0 0 0 0 0 0 0 0 0 0 0 0 0 0 0 0 0 0 0 0 0 0 0 0 0 0 0 0 0 0 0 0 0 0 0 0 88 0 0 0 65 111 23 0 1 0 0 0 0 0 0 0 0 0 0 0 2 0 0 0 0 0 3 0 1 0 0 0 0 0 0 0 255 255 255 255 0 0 0 0 0 0 0 0 data 0 oops 0
ciMethodData java/nio/Buffer nextGetIndex ()I 2 12794 orig 264 8 110 221 97 0 0 0 0 184 87 160 21 0 0 0 0 80 1 0 0 0 0 0 0 0 0 0 0 0 0 0 0 0 0 0 0 0 0 0 0 0 0 0 0 0 0 0 0 0 0 0 0 0 0 0 0 0 0 0 0 0 0 0 0 0 0 0 0 0 0 0 0 0 0 0 0 0 0 0 0 77 68 79 32 101 120 116 114 97 32 100 97 116 97 32 108 111 99 107 0 0 0 0 0 0 0 0 0 0 0 0 0 0 0 0 0 0 0 0 0 0 0 0 0 0 0 0 0 0 0 0 0 0 0 0 0 0 0 0 0 0 0 0 0 0 0 0 0 0 0 0 0 0 0 0 0 0 0 0 0 0 0 0 0 0 0 0 0 0 0 0 0 0 0 0 0 0 0 0 0 0 0 0 0 0 0 0 0 0 0 0 0 0 0 0 0 0 0 0 0 0 0 0 0 0 0 0 0 0 0 0 0 0 0 0 0 0 0 0 0 209 143 1 0 1 0 0 0 0 0 0 0 0 0 0 0 2 0 0 0 0 0 5 0 2 0 0 0 48 0 0 0 255 255 255 255 7 0 8 0 0 0 0 0 data 6 0x80007 0x31fa 0x30 0x0 0xf0002 0x0 oops 0
ciMethodData java/nio/HeapByteBuffer get ()B 2 6814 orig 264 8 110 221 97 0 0 0 0 200 51 172 21 0 0 0 0 168 1 0 0 0 0 0 0 0 0 0 0 0 0 0 0 0 0 0 0 0 0 0 0 0 0 0 0 0 0 0 0 0 0 0 0 0 0 0 0 0 0 0 0 0 0 0 0 0 0 0 0 0 0 0 0 0 0 0 0 0 0 0 0 77 68 79 32 101 120 116 114 97 32 100 97 116 97 32 108 111 99 107 0 0 0 0 0 0 0 0 0 0 0 0 0 0 0 0 0 0 0 0 0 0 0 0 0 0 0 0 0 0 0 0 0 0 0 0 0 0 0 0 0 0 0 0 0 0 0 0 0 0 0 0 0 0 0 0 0 0 0 0 0 0 0 0 0 0 0 0 0 0 0 0 0 0 0 0 0 0 0 0 0 0 0 0 0 0 0 0 0 0 0 0 0 0 0 0 0 0 0 0 0 0 0 0 0 0 0 0 0 0 0 0 0 0 0 0 0 2 1 0 0 225 204 0 0 1 0 0 0 0 0 0 0 0 0 0 0 2 0 0 0 0 0 6 0 2 0 0 0 96 0 0 0 255 255 255 255 5 0 6 0 0 0 0 0 data 12 0x60005 0x0 0x1c780100 0x199c 0x0 0x0 0x90005 0x0 0x1c780100 0x199c 0x0 0x0 oops 2 2 java/nio/HeapByteBuffer 8 java/nio/HeapByteBuffer
ciMethod com/android/dex/Leb128 readUnsignedLeb128 (Lcom/android/dex/util/ByteInput;)I 4097 9 52110 0 1600
ciMethod com/android/dex/util/ByteInput readByte ()B 0 0 1 0 -1
ciMethod com/android/dex/Dex$Section readByte ()B 2609 1 521782 0 192
ciMethod com/android/dex/Dex$Section readUleb128 ()I 4097 1 415679 0 736
ciMethod com/android/dex/Dex$Section readMethods (I)[Lcom/android/dex/ClassData$Method; 2161 8033 20632 0 -1
ciMethodData com/android/dex/Dex$Section readByte ()B 2 521782 orig 264 8 110 221 97 0 0 0 0 232 226 95 37 0 0 0 0 120 1 0 0 0 0 0 0 0 0 0 0 0 0 0 0 0 0 0 0 0 0 0 0 0 0 0 0 0 0 0 0 0 0 0 0 0 0 0 0 0 0 0 0 0 0 0 0 0 0 0 0 0 0 0 0 0 0 0 0 0 0 0 0 77 68 79 32 101 120 116 114 97 32 100 97 116 97 32 108 111 99 107 0 0 0 0 0 0 0 0 0 0 0 0 0 0 0 0 0 0 0 0 0 0 0 0 0 0 0 0 0 0 0 0 0 0 0 0 0 0 0 0 0 0 0 0 0 0 0 0 0 0 0 0 0 0 0 0 0 0 0 0 0 0 0 0 0 0 0 0 0 0 0 0 0 0 0 0 0 0 0 0 0 0 0 0 0 0 0 0 0 0 0 0 0 0 0 0 0 0 0 0 0 0 0 0 0 0 0 0 0 0 0 0 0 0 0 0 0 68 1 0 0 129 167 63 0 1 0 0 0 0 0 0 0 0 0 0 0 2 0 0 0 0 0 3 0 2 0 0 0 48 0 0 0 255 255 255 255 5 0 4 0 0 0 0 0 data 6 0x40005 0x0 0x1c780100 0x7f4f0 0x0 0x0 oops 1 2 java/nio/HeapByteBuffer
ciMethodData com/android/dex/Dex$Section readUleb128 ()I 2 415679 orig 264 8 110 221 97 0 0 0 0 88 229 95 37 0 0 0 0 88 1 0 0 0 0 0 0 0 0 0 0 0 0 0 0 0 0 0 0 0 0 0 0 0 0 0 0 0 0 0 0 0 0 0 0 0 0 0 0 0 0 0 0 0 0 0 0 0 0 0 0 0 0 0 0 0 0 0 0 0 0 0 0 77 68 79 32 101 120 116 114 97 32 100 97 116 97 32 108 111 99 107 0 0 0 0 0 0 0 0 0 0 0 0 0 0 0 0 0 0 0 0 0 0 0 0 0 0 0 0 0 0 0 0 0 0 0 0 0 0 0 0 0 0 0 0 0 0 0 0 0 0 0 0 0 0 0 0 0 0 0 0 0 0 0 0 0 0 0 0 0 0 0 0 0 0 0 0 0 0 0 0 0 0 0 0 0 0 0 0 0 0 0 0 0 0 0 0 0 0 0 0 0 0 0 0 0 0 0 0 0 0 0 0 0 0 0 0 0 0 2 0 0 249 173 50 0 1 0 0 0 0 0 0 0 0 0 0 0 2 0 0 0 0 0 3 0 2 0 0 0 16 0 0 0 255 255 255 255 2 0 1 0 0 0 0 0 data 2 0x10002 0x655bf oops 0
ciMethodData com/android/dex/Leb128 readUnsignedLeb128 (Lcom/android/dex/util/ByteInput;)I 2 52110 orig 264 8 110 221 97 0 0 0 0 64 2 91 37 0 0 0 0 232 1 0 0 48 0 0 0 0 0 0 0 0 0 0 0 0 0 0 0 0 0 0 0 0 0 0 0 0 0 0 0 0 0 0 0 0 0 0 0 0 0 0 0 0 0 0 0 0 0 0 0 0 0 0 0 0 0 0 0 0 0 0 0 77 68 79 32 101 120 116 114 97 32 100 97 116 97 32 108 111 99 107 0 0 0 0 0 0 0 0 0 0 0 0 0 0 0 0 0 0 0 0 0 0 0 0 0 0 0 0 0 0 0 0 0 0 0 0 0 0 0 0 0 0 0 0 0 2 0 0 0 0 0 0 0 0 0 0 0 0 0 0 0 0 0 0 0 4 0 0 0 0 0 0 0 0 0 0 1 0 0 0 0 0 0 0 0 25 0 0 0 0 0 0 0 0 0 0 0 0 0 0 0 0 0 0 0 0 0 0 0 0 0 0 0 0 0 0 0 0 2 0 0 113 76 6 0 65 131 2 0 0 0 0 0 0 0 0 0 2 0 0 0 1 0 11 0 2 0 0 0 160 0 0 0 255 255 255 255 5 192 5 0 0 0 0 0 data 20 0x5c005 0x0 0x191dee00 0xa990 0x191e4f70 0x706a 0x260007 0xc993 0x40 0x5067 0x2b0007 0x5068 0xffffffffffffffb0 0x0 0x360007 0xc993 0x30 0x0 0x3f0002 0x0 oops 2 2 com/android/dex/Dex$Section 4 com/android/dex/util/ByteArrayByteInput
ciMethod com/android/dex/ClassData$Method <init> (III)V 8353 1 72576 0 0
ciMethodData com/android/dex/ClassData$Method <init> (III)V 2 72576 orig 264 8 110 221 97 0 0 0 0 184 70 101 37 0 0 0 0 72 1 0 0 0 0 0 0 0 0 0 0 0 0 0 0 0 0 0 0 0 0 0 0 0 0 0 0 0 0 0 0 0 0 0 0 0 0 0 0 0 0 0 0 0 0 0 0 0 0 0 0 0 0 0 0 0 0 0 0 0 0 0 0 77 68 79 32 101 120 116 114 97 32 100 97 116 97 32 108 111 99 107 0 0 0 0 0 0 0 0 0 0 0 0 0 0 0 0 0 0 0 0 0 0 0 0 0 0 0 0 0 0 0 0 0 0 0 0 0 0 0 0 0 0 0 0 0 0 0 0 0 0 0 0 0 0 0 0 0 0 0 0 0 0 0 0 0 0 0 0 0 0 0 0 0 0 0 0 0 0 0 0 0 0 0 0 0 0 0 0 0 0 0 0 0 0 0 0 0 0 0 0 0 0 0 0 0 0 0 0 0 0 0 0 0 0 0 0 0 10 2 0 0 97 187 8 0 1 0 0 0 0 0 0 0 0 0 0 0 2 0 0 0 0 0 3 0 2 0 0 0 16 0 0 0 255 255 255 255 2 0 1 0 0 0 0 0 data 2 0x10002 0x1176c oops 0
ciMethodData com/android/dex/Dex$Section readMethods (I)[Lcom/android/dex/ClassData$Method; 2 72576 orig 264 8 110 221 97 0 0 0 0 200 248 95 37 0 0 0 0 88 2 0 0 0 0 0 0 0 0 0 0 0 0 0 0 0 0 0 0 0 0 0 0 0 0 0 0 0 0 0 0 0 0 0 0 0 0 0 0 0 0 0 0 0 0 0 0 0 0 0 0 0 0 0 0 0 0 0 0 0 0 0 0 77 68 79 32 101 120 116 114 97 32 100 97 116 97 32 108 111 99 107 0 0 0 0 0 0 0 0 0 0 0 0 0 0 0 0 0 0 0 0 0 0 0 0 0 0 0 0 0 0 0 0 0 0 0 0 0 0 0 0 0 0 0 0 0 0 0 0 0 0 0 0 0 0 0 0 0 0 0 0 0 0 0 0 0 0 0 0 0 0 0 0 0 0 0 0 0 0 0 0 0 0 0 0 0 0 0 0 0 0 0 0 0 0 0 0 0 0 0 0 0 0 0 0 0 0 0 0 0 0 0 0 0 0 0 0 0 236 3 0 0 81 124 2 0 161 188 8 0 0 0 0 0 0 0 0 0 2 0 0 0 1 0 6 0 2 0 0 0 8 1 0 0 255 255 255 255 7 0 13 0 0 0 0 0 data 33 0xd0007 0x4f8a 0x108 0x11794 0x120005 0x2e 0x191dee00 0x11766 0x0 0x0 0x180005 0x2e 0x191dee00 0x11766 0x0 0x0 0x1e0005 0x2e 0x191dee00 0x11766 0x0 0x0 0x2f0002 0x11794 0x320004 0x0 0x191df070 0x11794 0x0 0x0 0x360003 0x11794 0xffffffffffffff10 oops 4 6 com/android/dex/Dex$Section 12 com/android/dex/Dex$Section 18 com/android/dex/Dex$Section 26 com/android/dex/ClassData$Method
instanceKlass com/android/build/gradle/internal/ExtraModelInfo$1
instanceKlass com/google/common/base/Optional
instanceKlass com/android/ide/common/blame/parser/util/OutputLineReader
instanceKlass com/android/dx/io/CodeReader$1
instanceKlass com/android/dx/io/OpcodeInfo$Info
instanceKlass com/android/dx/io/OpcodeInfo
instanceKlass com/android/dx/io/instructions/AddressMap
instanceKlass com/android/dx/io/instructions/BaseCodeCursor
instanceKlass com/android/dx/io/instructions/CodeInput
instanceKlass com/android/dx/io/instructions/DecodedInstruction
instanceKlass com/android/dex/Code
instanceKlass com/android/dex/Code$CatchHandler
instanceKlass com/android/dex/Code$Try
instanceKlass com/android/dex/ClassData
instanceKlass com/android/dex/ClassData$Method
instanceKlass com/android/dex/ClassData$Field
instanceKlass com/android/dx/merge/SortableType$1
instanceKlass com/android/dex/ClassDef
instanceKlass com/android/dex/Dex$ClassDefIterator
instanceKlass com/android/dex/Dex$ClassDefIterable
instanceKlass com/android/dx/merge/SortableType
instanceKlass com/android/dex/util/ByteArrayByteInput
instanceKlass com/android/dx/merge/IndexMap$EncodedValueTransformer
instanceKlass com/android/dex/EncodedValue
instanceKlass com/android/dex/Annotation
instanceKlass com/android/dex/EncodedValueReader
instanceKlass com/android/dex/MethodId
instanceKlass com/android/dex/FieldId
instanceKlass com/android/dex/ProtoId
instanceKlass com/android/dex/util/Unsigned
instanceKlass com/android/dx/merge/DexMerger$IdMerger$UnsortedValue
instanceKlass com/android/dex/TypeList
instanceKlass com/android/dex/Mutf8
instanceKlass com/android/dx/merge/DexMerger$IdMerger
instanceKlass com/android/dx/cf/direct/ClassPathOpener$3
instanceKlass com/android/build/gradle/internal/transforms/DexTransform$$Lambda$322
instanceKlass com/android/build/gradle/internal/pipeline/IntermediateFolderUtils$5
instanceKlass com/google/common/base/Stopwatch$1
instanceKlass com/android/builder/internal/compiler/DexWrapper$DexProcessResult
instanceKlass java/util/zip/ZipOutputStream$XEntry
instanceKlass java/util/zip/Deflater
instanceKlass com/android/dx/merge/InstructionTransformer$MethodVisitor
instanceKlass com/android/dx/merge/InstructionTransformer$FieldVisitor
instanceKlass com/android/dx/merge/InstructionTransformer$TypeVisitor
instanceKlass com/android/dx/merge/InstructionTransformer$StringVisitor
instanceKlass com/android/dx/merge/InstructionTransformer$GenericVisitor
instanceKlass com/android/dx/io/CodeReader
instanceKlass com/android/dx/io/instructions/CodeOutput
instanceKlass com/android/dx/io/instructions/CodeCursor
instanceKlass com/android/dx/io/CodeReader$Visitor
instanceKlass com/android/dx/merge/InstructionTransformer
instanceKlass com/android/dx/merge/IndexMap
instanceKlass com/android/dx/merge/DexMerger$WriterSizes
instanceKlass com/android/dx/merge/DexMerger
instanceKlass com/android/dex/Dex$Section
instanceKlass com/android/dex/util/ByteInput
instanceKlass com/android/dex/TableOfContents$Section
instanceKlass com/android/dex/TableOfContents
instanceKlass com/android/dex/Dex
instanceKlass java/util/zip/Adler32
instanceKlass com/android/dx/dex/file/AnnotationItem$1
instanceKlass com/android/dex/DexFormat
instanceKlass com/android/dex/EncodedValueCodec
instanceKlass com/android/dx/dex/file/DebugInfoEncoder$2
instanceKlass com/android/dx/dex/file/DebugInfoEncoder$1
instanceKlass com/android/dx/dex/file/DebugInfoEncoder
instanceKlass com/android/dx/util/ByteArrayAnnotatedOutput
instanceKlass com/android/dx/dex/code/CatchTable$Entry
instanceKlass com/android/dx/dex/code/CatchHandlerList$Entry
instanceKlass com/android/dx/rop/code/RegisterSpecList$Expander
instanceKlass com/android/dx/dex/code/LocalList$Entry
instanceKlass com/android/dx/dex/code/LocalList$MakeState
instanceKlass com/android/dx/dex/code/PositionList$Entry
instanceKlass com/android/dx/dex/file/CodeItem$1
instanceKlass com/android/dx/dex/file/MixedItemSection$2
instanceKlass com/android/dex/Leb128
instanceKlass com/android/dx/dex/file/CatchStructs
instanceKlass com/android/dx/rop/cst/Zeroes
instanceKlass com/android/dx/cf/code/Ropper$ExceptionHandlerSetup
instanceKlass com/android/dx/cf/direct/AnnotationParser
instanceKlass com/android/dx/cf/iface/ParseObserver
instanceKlass com/android/dx/ssa/back/FirstFitLocalCombiningAllocator$Multiset
instanceKlass com/android/dx/cf/direct/DirectClassFile$DcfTypeList
instanceKlass com/android/dx/dex/file/MethodAnnotationStruct
instanceKlass com/android/dx/dex/file/FieldAnnotationStruct
instanceKlass com/android/dx/ssa/PhiInsn$Operand
instanceKlass com/android/dx/dex/code/DalvCode
instanceKlass com/android/dx/dex/code/StdCatchBuilder
instanceKlass com/android/dx/dex/code/RopToDop
instanceKlass com/android/dx/dex/code/OutputFinisher
instanceKlass com/android/dx/dex/code/OutputCollector
instanceKlass com/android/dx/rop/code/Insn$BaseVisitor
instanceKlass com/android/dx/io/Opcodes
instanceKlass com/android/dx/dex/code/InsnFormat
instanceKlass com/android/dx/dex/code/Dop
instanceKlass com/android/dx/dex/code/Dops
instanceKlass com/android/dx/dex/code/BlockAddresses
instanceKlass com/android/dx/dex/code/DalvInsn
instanceKlass com/android/dx/dex/code/CatchBuilder
instanceKlass com/android/dx/dex/code/RopTranslator$TranslationVisitor
instanceKlass com/android/dx/dex/code/RopTranslator
instanceKlass com/android/dx/rop/code/LocalVariableExtractor
instanceKlass com/android/dx/ssa/back/IdenticalBlockCombiner
instanceKlass com/android/dx/ssa/back/SsaToRop$1
instanceKlass com/android/dx/ssa/back/SsaToRop$PhiVisitor
instanceKlass com/android/dx/ssa/back/FirstFitLocalCombiningAllocator$1
instanceKlass com/android/dx/ssa/back/LivenessAnalyzer$1
instanceKlass com/android/dx/ssa/back/InterferenceGraph
instanceKlass com/android/dx/ssa/back/LivenessAnalyzer
instanceKlass com/android/dx/ssa/back/RegisterAllocator
instanceKlass com/android/dx/ssa/back/SsaToRop
instanceKlass com/android/dx/ssa/PhiTypeResolver
instanceKlass com/android/dx/ssa/ConstCollector$1
instanceKlass com/android/dx/ssa/ConstCollector
instanceKlass com/android/dx/ssa/SsaMethod$1
instanceKlass com/android/dx/ssa/LiteralOpUpgrader$1
instanceKlass com/android/dx/ssa/LiteralOpUpgrader
instanceKlass com/android/dx/ssa/DeadCodeRemover$NoSideEffectVisitor
instanceKlass com/android/dx/ssa/DeadCodeRemover
instanceKlass com/android/dx/ssa/SsaMethod$2
instanceKlass com/android/dx/ssa/SCCP
instanceKlass com/android/dx/ssa/MoveParamCombiner$1
instanceKlass com/android/dx/ssa/MoveParamCombiner
instanceKlass com/android/dx/ssa/SsaRenamer$BlockRenamer$1
instanceKlass com/android/dx/ssa/PhiInsn$Visitor
instanceKlass com/android/dx/ssa/RegisterMapper
instanceKlass com/android/dx/ssa/SsaRenamer$BlockRenamer
instanceKlass com/android/dx/ssa/SsaRenamer$1
instanceKlass com/android/dx/ssa/SsaRenamer
instanceKlass com/android/dx/util/BitIntSet$1
instanceKlass com/android/dx/util/IntIterator
instanceKlass com/android/dx/util/BitIntSet
instanceKlass com/android/dx/util/IntSet
instanceKlass com/android/dx/ssa/SetFactory
instanceKlass com/android/dx/ssa/Dominators$DfsWalker
instanceKlass com/android/dx/ssa/Dominators$DFSInfo
instanceKlass com/android/dx/ssa/SsaBasicBlock$Visitor
instanceKlass com/android/dx/ssa/Dominators
instanceKlass com/android/dx/ssa/DomFront$DomInfo
instanceKlass com/android/dx/ssa/DomFront
instanceKlass com/android/dx/ssa/LocalVariableExtractor
instanceKlass com/android/dx/ssa/SsaBasicBlock$LabelComparator
instanceKlass com/android/dx/ssa/SsaBasicBlock
instanceKlass com/android/dx/rop/code/BasicBlockList$RegCountVisitor
instanceKlass com/android/dx/ssa/SsaInsn
instanceKlass com/android/dx/ssa/SsaInsn$Visitor
instanceKlass com/android/dx/ssa/SsaMethod
instanceKlass com/android/dx/ssa/SsaConverter
instanceKlass com/android/dx/ssa/Optimizer
instanceKlass com/android/dx/rop/code/RopMethod
instanceKlass com/android/dx/rop/code/Insn$Visitor
instanceKlass com/android/dx/cf/code/Merger
instanceKlass com/android/dx/rop/code/BasicBlock
instanceKlass com/android/dx/rop/code/Exceptions
instanceKlass com/android/dx/rop/code/Rop
instanceKlass com/android/dx/rop/code/Rops
instanceKlass com/android/dx/rop/code/LocalItem
instanceKlass com/android/dx/rop/code/SourcePosition
instanceKlass com/android/dx/cf/code/Ropper$LabelAllocator
instanceKlass com/android/dx/cf/code/Ropper$CatchInfo
instanceKlass com/android/dx/cf/code/Ropper$Subroutine
instanceKlass com/android/dx/cf/code/Frame
instanceKlass com/android/dx/cf/code/Simulator$SimVisitor
instanceKlass com/android/dx/cf/code/Simulator
instanceKlass com/android/dx/cf/code/BaseMachine
instanceKlass com/android/dx/cf/code/ByteBlock
instanceKlass com/android/dx/util/LabeledItem
instanceKlass com/android/dx/cf/code/ByteCatchList$Item
instanceKlass com/android/dx/dex/file/EncodedMember
instanceKlass com/android/dx/dex/file/ValueEncoder
instanceKlass com/android/dx/dex/file/AnnotationItem$TypeIdSorter
instanceKlass com/android/dx/rop/annotation/NameValuePair
instanceKlass com/android/dx/dex/file/AnnotationUtils
instanceKlass com/android/dx/cf/code/ByteOps
instanceKlass com/android/dx/util/Bits
instanceKlass com/android/dx/cf/code/BasicBlocker
instanceKlass com/android/dx/rop/code/BasicBlock$Visitor
instanceKlass com/android/dx/rop/code/Insn
instanceKlass com/android/dx/cf/code/Machine
instanceKlass com/android/dx/cf/code/Ropper
instanceKlass com/android/dx/rop/code/DexTranslationAdvice
instanceKlass com/android/dx/cf/code/ConcreteMethod
instanceKlass com/android/dx/dex/cf/AttributeTranslator
instanceKlass com/android/dx/cf/attrib/InnerClassList$Item
instanceKlass com/android/dx/dex/code/DalvCode$AssignIndicesCallback
instanceKlass com/android/dx/rop/code/TranslationAdvice
instanceKlass com/android/dx/dex/cf/CfTranslator
instanceKlass com/android/dx/command/dexer/Main$ClassDefItemConsumer
instanceKlass com/android/dx/command/dexer/Main$ClassTranslatorTask
instanceKlass com/android/dx/util/Hex
instanceKlass com/android/dx/rop/code/AccessFlags
instanceKlass com/android/dx/cf/iface/StdMember
instanceKlass com/android/dx/cf/code/LocalVariableList$Item
instanceKlass com/android/dx/cf/attrib/BaseAttribute
instanceKlass com/android/dx/cf/code/LineNumberList$Item
instanceKlass com/android/dx/cf/code/BytecodeArray$BaseVisitor
instanceKlass com/android/dx/cf/code/BytecodeArray
instanceKlass com/android/dx/cf/direct/AttributeListParser
instanceKlass com/android/dx/cf/iface/Method
instanceKlass com/android/dx/cf/iface/Field
instanceKlass com/android/dx/cf/iface/Member
instanceKlass com/android/dx/cf/direct/MemberListParser
instanceKlass com/android/dx/rop/type/Type
instanceKlass com/android/dx/util/MutabilityControl
instanceKlass com/android/dx/cf/cst/ConstantPoolParser
instanceKlass com/android/dx/cf/code/BytecodeArray$Visitor
instanceKlass com/android/dx/cf/iface/Attribute
instanceKlass com/android/dx/util/ByteArray
instanceKlass com/android/dx/rop/type/TypeList
instanceKlass com/android/dx/cf/iface/MethodList
instanceKlass com/android/dx/cf/iface/FieldList
instanceKlass com/android/dx/cf/iface/AttributeList
instanceKlass com/android/dx/rop/cst/ConstantPool
instanceKlass com/android/dx/cf/direct/DirectClassFile
instanceKlass com/android/dx/cf/iface/ClassFile
instanceKlass com/android/dx/cf/iface/HasAttribute
instanceKlass com/android/dx/command/dexer/Main$ClassParserTask
instanceKlass com/android/dx/command/dexer/Main$DirectClassFileConsumer
instanceKlass com/android/dex/util/FileUtils
instanceKlass com/android/dx/cf/direct/ClassPathOpener$2
instanceKlass com/android/dx/command/dexer/Main$FileBytesConsumer
instanceKlass com/android/dx/cf/direct/ClassPathOpener$1
instanceKlass com/android/dx/cf/direct/ClassPathOpener
instanceKlass java/util/concurrent/ThreadPoolExecutor$CallerRunsPolicy
instanceKlass com/android/dx/dex/file/MixedItemSection$1
instanceKlass com/android/dx/dex/file/Item
instanceKlass com/android/dx/dex/file/Section
instanceKlass com/android/dx/util/AnnotatedOutput
instanceKlass com/android/dx/util/Output
instanceKlass com/android/dex/util/ByteOutput
instanceKlass com/android/dx/rop/cst/Constant
instanceKlass com/android/dx/dex/file/DexFile
instanceKlass com/android/dx/dex/DexOptions
instanceKlass com/android/dx/dex/cf/CfOptions
instanceKlass com/android/dx/command/dexer/Main$Arguments$OutputOptions
instanceKlass com/android/dx/command/dexer/Main$Arguments$ArgumentsParser
instanceKlass com/android/builder/core/DexProcessBuilder$$Lambda$321
instanceKlass com/android/dx/command/dexer/Main$Arguments
instanceKlass com/android/dx/dex/cf/OptimizerOptions
instanceKlass com/android/dx/dex/cf/CodeStatistics
instanceKlass com/android/dx/command/dexer/DxContext
instanceKlass com/android/builder/internal/compiler/DexWrapper
instanceKlass com/android/builder/core/DexByteCodeConverter$$Lambda$320
instanceKlass com/android/build/gradle/internal/transforms/DexTransform$PreDexTask$$Lambda$319
instanceKlass com/android/build/gradle/internal/transforms/DexTransform$PreDexTask
instanceKlass javax/management/Attribute
instanceKlass com/android/ide/common/internal/ExecutorSingleton$$Lambda$318
instanceKlass java/util/concurrent/ExecutorCompletionService
instanceKlass java/util/concurrent/CompletionService
instanceKlass com/android/ide/common/internal/WaitableExecutor
instanceKlass com/android/build/gradle/internal/transforms/DexTransform$1
instanceKlass com/android/ide/common/blame/parser/DexParser
instanceKlass com/google/common/base/MoreObjects$ToStringHelper$ValueHolder
instanceKlass com/google/common/base/MoreObjects$ToStringHelper
instanceKlass com/android/build/gradle/internal/pipeline/TransformInvocationBuilder$1
instanceKlass com/android/build/gradle/internal/pipeline/TransformOutputProviderImpl
instanceKlass com/android/build/gradle/internal/pipeline/TransformInvocationBuilder
instanceKlass com/android/build/gradle/internal/pipeline/TransformTask$2
instanceKlass com/google/protobuf/UnknownFieldSet$Builder
instanceKlass com/android/build/gradle/internal/pipeline/TransformTask$$Lambda$317
instanceKlass com/android/build/gradle/internal/pipeline/TransformTask$$Lambda$316
instanceKlass com/android/build/gradle/internal/pipeline/TransformTask$$Lambda$315
instanceKlass com/android/build/gradle/internal/pipeline/TransformTask$$Lambda$314
instanceKlass com/android/build/gradle/internal/pipeline/TransformTask$$Lambda$313
instanceKlass com/android/build/gradle/internal/pipeline/TransformTask$1
instanceKlass com/google/wireless/android/sdk/stats/GradleTransformExecution$Type$1
instanceKlass com/android/ide/common/util/ReferenceHolder
instanceKlass com/android/tools/lint/MaterialHtmlReporter$Action
instanceKlass com/android/tools/lint/MaterialHtmlReporter$$Lambda$312
instanceKlass com/android/tools/lint/MaterialHtmlReporter$$Lambda$311
instanceKlass com/android/utils/HtmlBuilder
instanceKlass com/android/tools/lint/Reporter$Stats
instanceKlass com/android/build/gradle/internal/LintGradleProject$AppGradleProject$$Lambda$310
instanceKlass com/android/build/gradle/internal/LintGradleProject$AppGradleProject$$Lambda$309
instanceKlass com/android/tools/lint/client/api/OtherFileVisitor
instanceKlass org/objectweb/asm/tree/TryCatchBlockNode
instanceKlass org/objectweb/asm/Opcodes
instanceKlass org/objectweb/asm/tree/LocalVariableNode
instanceKlass org/objectweb/asm/Type
instanceKlass org/objectweb/asm/Label
instanceKlass org/objectweb/asm/tree/InnerClassNode
instanceKlass org/objectweb/asm/tree/InsnList
instanceKlass org/objectweb/asm/Context
instanceKlass org/objectweb/asm/Attribute
instanceKlass org/objectweb/asm/MethodVisitor
instanceKlass org/objectweb/asm/FieldVisitor
instanceKlass org/objectweb/asm/AnnotationVisitor
instanceKlass org/objectweb/asm/ClassReader
instanceKlass com/android/tools/lint/client/api/AsmVisitor
instanceKlass com/android/tools/lint/client/api/ClassEntry
instanceKlass com/android/tools/lint/detector/api/Detector$JavaScanner
instanceKlass lombok/ast/AbstractNode
instanceKlass lombok/ast/DescribedNode
instanceKlass com/intellij/psi/PsiTypeElement$1
instanceKlass com/android/tools/lint/checks/PermissionFinder
instanceKlass com/android/tools/lint/checks/PermissionHolder$SetPermissionLookup
instanceKlass com/android/tools/lint/detector/api/ConstantEvaluator
instanceKlass com/android/tools/lint/checks/PermissionRequirement
instanceKlass com/intellij/psi/TypeAnnotationProvider$Static
instanceKlass com/intellij/psi/PsiClassType$1
instanceKlass com/intellij/psi/PsiType$1
instanceKlass com/intellij/psi/TypeAnnotationProvider$1
instanceKlass com/intellij/psi/TypeAnnotationProvider
instanceKlass gnu/trove/PrimeFinder
instanceKlass gnu/trove/TObjectHash$NULL
instanceKlass gnu/trove/TObjectObjectProcedure
instanceKlass gnu/trove/THash
instanceKlass com/intellij/psi/PsiMethod$1
instanceKlass com/intellij/psi/PsiElement$1
instanceKlass com/intellij/psi/PsiCatchSection$1
instanceKlass com/intellij/util/ConcurrencyUtil
